0 info it worked if it ends with ok
1 verbose cli [ '/home/talles/.nvm/versions/v0.12.6/bin/node',
1 verbose cli   '/home/talles/.nvm/versions/v0.12.6/bin/npm',
1 verbose cli   'start' ]
2 info using npm@2.11.2
3 info using node@v0.12.6
4 verbose stack Error: missing script: start
4 verbose stack     at run (/home/talles/.nvm/versions/v0.12.6/lib/node_modules/npm/lib/run-script.js:142:19)
4 verbose stack     at /home/talles/.nvm/versions/v0.12.6/lib/node_modules/npm/lib/run-script.js:58:5
4 verbose stack     at /home/talles/.nvm/versions/v0.12.6/lib/node_modules/npm/node_modules/read-package-json/read-json.js:345:5
4 verbose stack     at checkBinReferences_ (/home/talles/.nvm/versions/v0.12.6/lib/node_modules/npm/node_modules/read-package-json/read-json.js:309:45)
4 verbose stack     at final (/home/talles/.nvm/versions/v0.12.6/lib/node_modules/npm/node_modules/read-package-json/read-json.js:343:3)
4 verbose stack     at then (/home/talles/.nvm/versions/v0.12.6/lib/node_modules/npm/node_modules/read-package-json/read-json.js:113:5)
4 verbose stack     at /home/talles/.nvm/versions/v0.12.6/lib/node_modules/npm/node_modules/read-package-json/read-json.js:300:12
4 verbose stack     at evalmachine.<anonymous>:334:14
4 verbose stack     at /home/talles/.nvm/versions/v0.12.6/lib/node_modules/npm/node_modules/graceful-fs/graceful-fs.js:102:5
4 verbose stack     at FSReqWrap.oncomplete (evalmachine.<anonymous>:95:15)
5 verbose cwd /home/talles/CEFET/web/supermercado-web
6 error Linux 3.16.0-23-generic
7 error argv "/home/talles/.nvm/versions/v0.12.6/bin/node" "/home/talles/.nvm/versions/v0.12.6/bin/npm" "start"
8 error node v0.12.6
9 error npm  v2.11.2
10 error missing script: start
11 error If you need help, you may report this error at:
11 error     <https://github.com/npm/npm/issues>
12 verbose exit [ 1, true ]
